INFO: [VRFC 10-2263] Analyzing Verilog file "E:/CPU/SingleCycleCPU2/SingleCycleCPU2.srcs/sources_1/new/ALU.v" into library xil_defaultlib
INFO: [VRFC 10-311] analyzing module ALU
INFO: [VRFC 10-2263] Analyzing Verilog file "E:/CPU/SingleCycleCPU2/SingleCycleCPU2.srcs/sources_1/new/ControlUnit.v" into library xil_defaultlib
INFO: [VRFC 10-311] analyzing module ControlUnit
INFO: [VRFC 10-2263] Analyzing Verilog file "E:/CPU/SingleCycleCPU2/SingleCycleCPU2.srcs/sources_1/new/DataMemory.v" into library xil_defaultlib
INFO: [VRFC 10-311] analyzing module DataMemory
INFO: [VRFC 10-2263] Analyzing Verilog file "E:/CPU/SingleCycleCPU2/SingleCycleCPU2.srcs/sources_1/new/ExtendSa.v" into library xil_defaultlib
INFO: [VRFC 10-311] analyzing module Extend_Sa
INFO: [VRFC 10-2263] Analyzing Verilog file "E:/CPU/SingleCycleCPU2/SingleCycleCPU2.srcs/sources_1/new/InstructionMemory.v" into library xil_defaultlib
INFO: [VRFC 10-311] analyzing module InstructionMemory
INFO: [VRFC 10-2263] Analyzing Verilog file "E:/CPU/SingleCycleCPU2/SingleCycleCPU2.srcs/sources_1/new/JumpPC.v" into library xil_defaultlib
INFO: [VRFC 10-311] analyzing module JumpPC
INFO: [VRFC 10-2263] Analyzing Verilog file "E:/CPU/SingleCycleCPU2/SingleCycleCPU2.srcs/sources_1/new/NextPC.v" into library xil_defaultlib
INFO: [VRFC 10-311] analyzing module NextPC
INFO: [VRFC 10-2263] Analyzing Verilog file "E:/CPU/SingleCycleCPU2/SingleCycleCPU2.srcs/sources_1/new/PC.v" into library xil_defaultlib
INFO: [VRFC 10-311] analyzing module PC
INFO: [VRFC 10-2263] Analyzing Verilog file "E:/CPU/SingleCycleCPU2/SingleCycleCPU2.srcs/sources_1/new/RegisterFile.v" into library xil_defaultlib
INFO: [VRFC 10-311] analyzing module RegisterFile
INFO: [VRFC 10-2263] Analyzing Verilog file "E:/CPU/SingleCycleCPU2/SingleCycleCPU2.srcs/sources_1/new/Select32.v" into library xil_defaultlib
INFO: [VRFC 10-311] analyzing module Select32
INFO: [VRFC 10-2263] Analyzing Verilog file "E:/CPU/SingleCycleCPU2/SingleCycleCPU2.srcs/sources_1/new/Select5.v" into library xil_defaultlib
INFO: [VRFC 10-311] analyzing module Select5
INFO: [VRFC 10-2263] Analyzing Verilog file "E:/CPU/SingleCycleCPU2/SingleCycleCPU2.srcs/sources_1/new/SignZeroExtend.v" into library xil_defaultlib
INFO: [VRFC 10-311] analyzing module SignZeroExtend
INFO: [VRFC 10-2263] Analyzing Verilog file "E:/CPU/SingleCycleCPU2/SingleCycleCPU2.srcs/sources_1/new/SingleCycleCPU.v" into library xil_defaultlib
INFO: [VRFC 10-311] analyzing module SingleCycleCPU
INFO: [VRFC 10-2263] Analyzing Verilog file "E:/CPU/SingleCycleCPU2/SingleCycleCPU2.srcs/sim_1/new/testCPU.v" into library xil_defaultlib
INFO: [VRFC 10-311] analyzing module testCPU
